2022-02-25 10:43:27,541:INFO:Initializing load_model()
2022-02-25 10:43:27,542:INFO:load_model(model_name=Breast-Cancer-Pipline, platform=None, authentication=None, verbose=True)
2022-02-25 10:44:35,724:INFO:Initializing load_model()
2022-02-25 10:44:35,725:INFO:load_model(model_name=Breast-Cancer-Pipline, platform=None, authentication=None, verbose=True)
2022-02-25 10:45:07,573:INFO:Initializing load_model()
2022-02-25 10:45:07,574:INFO:load_model(model_name=Breast-Cancer-Pipline, platform=None, authentication=None, verbose=True)
2022-02-25 10:45:50,772:INFO:Initializing load_model()
2022-02-25 10:45:50,773:INFO:load_model(model_name=Breast-Cancer-Pipline, platform=None, authentication=None, verbose=True)
2022-02-28 10:52:02,300:INFO:PyCaret Supervised Module
2022-02-28 10:52:02,300:INFO:ML Usecase: classification
2022-02-28 10:52:02,300:INFO:version 2.3.4
2022-02-28 10:52:02,301:INFO:Initializing setup()
2022-02-28 10:52:02,303:INFO:setup(target=diagnosis, ml_usecase=classification, available_plots={'parameter': 'Hyperparameters', 'auc': 'AUC', 'confusion_matrix': 'Confusion Matrix', 'threshold': 'Threshold', 'pr': 'Precision Recall', 'error': 'Prediction Error', 'class_report': 'Class Report', 'rfe': 'Feature Selection', 'learning': 'Learning Curve', 'manifold': 'Manifold Learning', 'calibration': 'Calibration Curve', 'vc': 'Validation Curve', 'dimension': 'Dimensions', 'feature': 'Feature Importance', 'feature_all': 'Feature Importance (All)', 'boundary': 'Decision Boundary', 'lift': 'Lift Chart', 'gain': 'Gain Chart', 'tree': 'Decision Tree', 'ks': 'KS Statistic Plot'}, train_size=0.7, test_data=None, preprocess=True, imputation_type=simple, iterative_imputation_iters=5, categorical_features=None, categorical_imputation=constant, categorical_iterative_imputer=lightgbm, ordinal_features=None, high_cardinality_features=None, high_cardinality_method=frequency, numeric_features=None, numeric_imputation=mean, numeric_iterative_imputer=lightgbm, date_features=None, ignore_features=None, normalize=True, normalize_method=zscore, transformation=True, transformation_method=yeo-johnson, handle_unknown_categorical=True, unknown_categorical_method=least_frequent, pca=False, pca_method=linear, pca_components=None, ignore_low_variance=True, combine_rare_levels=False, rare_level_threshold=0.1, bin_numeric_features=None, remove_outliers=False, outliers_threshold=0.05, remove_multicollinearity=True, multicollinearity_threshold=0.95, remove_perfect_collinearity=True, create_clusters=False, cluster_iter=20, polynomial_features=False, polynomial_degree=2, trigonometry_features=False, polynomial_threshold=0.1, group_features=None, group_names=None, feature_selection=False, feature_selection_threshold=0.8, feature_selection_method=classic, feature_interaction=False, feature_ratio=False, interaction_threshold=0.01, fix_imbalance=False, fix_imbalance_method=None, transform_target=False, transform_target_method=box-cox, data_split_shuffle=True, data_split_stratify=False, fold_strategy=stratifiedkfold, fold=10, fold_shuffle=False, fold_groups=None, n_jobs=-1, use_gpu=False, custom_pipeline=None, html=True, session_id=1229, log_experiment=False, experiment_name=None, log_plots=False, log_profile=False, log_data=False, silent=False, verbose=True, profile=False, profile_kwargs=None, display=None)
2022-02-28 10:52:02,305:INFO:Checking environment
2022-02-28 10:52:02,305:INFO:python_version: 3.8.8
2022-02-28 10:52:02,305:INFO:python_build: ('default', 'Apr 13 2021 15:08:03')
2022-02-28 10:52:02,305:INFO:machine: AMD64
2022-02-28 10:52:02,306:INFO:platform: Windows-10-10.0.19041-SP0
2022-02-28 10:52:02,306:INFO:Memory: svmem(total=8464732160, available=1278971904, percent=84.9, used=7185760256, free=1278971904)
2022-02-28 10:52:02,307:INFO:Physical Core: 2
2022-02-28 10:52:02,307:INFO:Logical Core: 4
2022-02-28 10:52:02,307:INFO:Checking libraries
2022-02-28 10:52:02,307:INFO:pd==1.2.4
2022-02-28 10:52:02,308:INFO:numpy==1.19.5
2022-02-28 10:52:02,308:INFO:sklearn==0.23.2
2022-02-28 10:52:02,308:INFO:lightgbm==3.3.1
2022-02-28 10:52:02,313:WARNING:catboost not found
2022-02-28 10:52:02,316:WARNING:xgboost not found
2022-02-28 10:52:14,125:INFO:mlflow==1.21.0
2022-02-28 10:52:14,126:INFO:Checking Exceptions
2022-02-28 10:52:14,126:INFO:Declaring global variables
2022-02-28 10:52:14,127:INFO:USI: 4bbb
2022-02-28 10:52:14,127:INFO:pycaret_globals: {'target_param', 'fold_groups_param_full', 'fix_imbalance_param', 'fold_generator', 'pycaret_globals', '_all_models_internal', '_all_models', 'fold_groups_param', 'exp_name_log', 'transform_target_param', 'X_train', 'experiment__', 'log_plots_param', 'fold_param', 'X', 'transform_target_method_param', 'fix_imbalance_method_param', 'USI', 'display_container', 'fold_shuffle_param', '_internal_pipeline', 'iterative_imputation_iters_param', 'create_model_container', 'y_test', 'n_jobs_param', 'html_param', 'imputation_regressor', 'y_train', 'y', '_gpu_n_jobs_param', 'seed', 'prep_pipe', 'stratify_param', 'X_test', '_ml_usecase', 'gpu_param', 'logging_param', '_available_plots', '_all_metrics', 'master_model_container', 'imputation_classifier', 'data_before_preprocess'}
2022-02-28 10:52:14,127:INFO:Preparing display monitor
2022-02-28 10:52:14,127:INFO:Preparing display monitor
2022-02-28 10:52:14,204:INFO:Importing libraries
2022-02-28 10:52:14,205:INFO:Copying data for preprocessing
2022-02-28 10:52:14,235:INFO:Declaring preprocessing parameters
2022-02-28 10:52:14,240:INFO:Creating preprocessing pipeline
2022-02-28 10:52:14,338:INFO:Preprocessing pipeline created successfully
2022-02-28 10:52:14,338:ERROR:(Process Exit): setup has been interupted with user command 'quit'. setup must rerun.
2022-02-28 10:52:14,338:INFO:Creating global containers
2022-02-28 10:52:14,358:INFO:Internal pipeline: Pipeline(memory=None, steps=[('empty_step', 'passthrough')], verbose=False)
2022-02-28 10:52:19,605:WARNING:Couldn't import xgboost.XGBClassifier
2022-02-28 10:52:19,615:WARNING:Couldn't import catboost.CatBoostClassifier
2022-02-28 10:52:20,055:WARNING:Couldn't import xgboost.XGBClassifier
2022-02-28 10:52:20,057:WARNING:Couldn't import catboost.CatBoostClassifier
2022-02-28 10:52:20,057:INFO:Creating grid variables
2022-02-28 10:52:20,531:INFO:create_model_container: 0
2022-02-28 10:52:20,532:INFO:master_model_container: 0
2022-02-28 10:52:20,533:INFO:display_container: 1
2022-02-28 10:52:20,582:INFO:Pipeline(memory=None,
         steps=[('dtypes',
                 DataTypes_Auto_infer(categorical_features=[],
                                      display_types=True, features_todrop=[],
                                      id_columns=[],
                                      ml_usecase='classification',
                                      numerical_features=[], target='diagnosis',
                                      time_features=[])),
                ('imputer',
                 Simple_Imputer(categorical_strategy='not_available',
                                fill_value_categorical=None,
                                fill_value_numerical=None,
                                numeric_st...
                ('dummy', Dummify(target='diagnosis')),
                ('fix_perfect', Remove_100(target='diagnosis')),
                ('clean_names', Clean_Colum_Names()),
                ('feature_select', 'passthrough'),
                ('fix_multi',
                 Fix_multicollinearity(correlation_with_target_preference=None,
                                       correlation_with_target_threshold=0.0,
                                       target_variable='diagnosis',
                                       threshold=0.95)),
                ('dfs', 'passthrough'), ('pca', 'passthrough')],
         verbose=False)
2022-02-28 10:52:20,588:INFO:setup() succesfully completed......................................
2022-02-28 10:52:20,967:INFO:Initializing compare_models()
2022-02-28 10:52:20,970:INFO:compare_models(include=None, fold=None, round=4, cross_validation=True, sort=Accuracy, n_select=1, budget_time=None, turbo=True, errors=ignore, fit_kwargs=None, groups=None, verbose=True, display=None, exclude=None)
2022-02-28 10:52:20,971:INFO:Checking exceptions
2022-02-28 10:52:20,974:INFO:Preparing display monitor
2022-02-28 10:52:20,974:INFO:Preparing display monitor
2022-02-28 10:52:21,107:INFO:Initializing Logistic Regression
2022-02-28 10:52:21,107:INFO:Total runtime is 0.0 minutes
2022-02-28 10:52:21,150:INFO:SubProcess create_model() called ==================================
2022-02-28 10:52:21,151:INFO:Initializing create_model()
2022-02-28 10:52:21,151:INFO:create_model(estimator=lr, fold=StratifiedKFold(n_splits=10, random_state=None, shuffle=False), round=4, cross_validation=True, predict=True, fit_kwargs={}, groups=None, refit=False, verbose=False, system=False, metrics=None, add_to_model_list=True, display=<pycaret.internal.Display.Display object at 0x0000026C1A1B7970>, kwargs={})
2022-02-28 10:52:21,152:INFO:Checking exceptions
2022-02-28 10:52:21,152:INFO:Importing libraries
2022-02-28 10:52:21,152:INFO:Copying training dataset
2022-02-28 10:52:21,154:INFO:Defining folds
2022-02-28 10:52:21,155:INFO:Declaring metric variables
2022-02-28 10:52:21,196:INFO:Importing untrained model
2022-02-28 10:52:21,229:INFO:Logistic Regression Imported succesfully
2022-02-28 10:52:21,290:INFO:Starting cross validation
2022-02-28 10:52:21,292:INFO:Cross validating with StratifiedKFold(n_splits=10, random_state=None, shuffle=False), n_jobs=-1
2022-02-28 10:52:56,614:INFO:Calculating mean and std
2022-02-28 10:52:56,617:INFO:Creating metrics dataframe
2022-02-28 10:52:56,633:INFO:Uploading results into container
2022-02-28 10:52:56,634:INFO:Uploading model into container now
2022-02-28 10:52:56,634:INFO:create_model_container: 1
2022-02-28 10:52:56,634:INFO:master_model_container: 1
2022-02-28 10:52:56,635:INFO:display_container: 2
2022-02-28 10:52:56,637:INFO:LogisticRegression(C=1.0, class_weight=None, dual=False, fit_intercept=True,
                   intercept_scaling=1, l1_ratio=None, max_iter=1000,
                   multi_class='auto', n_jobs=None, penalty='l2',
                   random_state=1229, solver='lbfgs', tol=0.0001, verbose=0,
                   warm_start=False)
2022-02-28 10:52:56,637:INFO:create_model() succesfully completed......................................
2022-02-28 10:52:56,879:INFO:SubProcess create_model() end ==================================
2022-02-28 10:52:56,880:INFO:Creating metrics dataframe
2022-02-28 10:52:56,953:INFO:Initializing K Neighbors Classifier
2022-02-28 10:52:56,953:INFO:Total runtime is 0.5974271297454834 minutes
2022-02-28 10:52:56,982:INFO:SubProcess create_model() called ==================================
2022-02-28 10:52:56,983:INFO:Initializing create_model()
2022-02-28 10:52:56,983:INFO:create_model(estimator=knn, fold=StratifiedKFold(n_splits=10, random_state=None, shuffle=False), round=4, cross_validation=True, predict=True, fit_kwargs={}, groups=None, refit=False, verbose=False, system=False, metrics=None, add_to_model_list=True, display=<pycaret.internal.Display.Display object at 0x0000026C1A1B7970>, kwargs={})
2022-02-28 10:52:56,984:INFO:Checking exceptions
2022-02-28 10:52:56,984:INFO:Importing libraries
2022-02-28 10:52:56,984:INFO:Copying training dataset
2022-02-28 10:52:56,987:INFO:Defining folds
2022-02-28 10:52:56,987:INFO:Declaring metric variables
2022-02-28 10:52:57,017:INFO:Importing untrained model
2022-02-28 10:52:57,040:INFO:K Neighbors Classifier Imported succesfully
2022-02-28 10:52:57,097:INFO:Starting cross validation
2022-02-28 10:52:57,099:INFO:Cross validating with StratifiedKFold(n_splits=10, random_state=None, shuffle=False), n_jobs=-1
2022-02-28 10:52:57,658:INFO:Calculating mean and std
2022-02-28 10:52:57,661:INFO:Creating metrics dataframe
2022-02-28 10:52:57,679:INFO:Uploading results into container
2022-02-28 10:52:57,680:INFO:Uploading model into container now
2022-02-28 10:52:57,681:INFO:create_model_container: 2
2022-02-28 10:52:57,682:INFO:master_model_container: 2
2022-02-28 10:52:57,682:INFO:display_container: 2
2022-02-28 10:52:57,684:INFO:KNeighborsClassifier(algorithm='auto', leaf_size=30, metric='minkowski',
                     metric_params=None, n_jobs=-1, n_neighbors=5, p=2,
                     weights='uniform')
2022-02-28 10:52:57,684:INFO:create_model() succesfully completed......................................
2022-02-28 10:52:57,932:INFO:SubProcess create_model() end ==================================
2022-02-28 10:52:57,932:INFO:Creating metrics dataframe
2022-02-28 10:52:57,994:INFO:Initializing Naive Bayes
2022-02-28 10:52:57,995:INFO:Total runtime is 0.6147921601931254 minutes
2022-02-28 10:52:58,024:INFO:SubProcess create_model() called ==================================
2022-02-28 10:52:58,024:INFO:Initializing create_model()
2022-02-28 10:52:58,025:INFO:create_model(estimator=nb, fold=StratifiedKFold(n_splits=10, random_state=None, shuffle=False), round=4, cross_validation=True, predict=True, fit_kwargs={}, groups=None, refit=False, verbose=False, system=False, metrics=None, add_to_model_list=True, display=<pycaret.internal.Display.Display object at 0x0000026C1A1B7970>, kwargs={})
2022-02-28 10:52:58,026:INFO:Checking exceptions
2022-02-28 10:52:58,026:INFO:Importing libraries
2022-02-28 10:52:58,027:INFO:Copying training dataset
2022-02-28 10:52:58,030:INFO:Defining folds
2022-02-28 10:52:58,030:INFO:Declaring metric variables
2022-02-28 10:52:58,059:INFO:Importing untrained model
2022-02-28 10:52:58,087:INFO:Naive Bayes Imported succesfully
2022-02-28 10:52:58,152:INFO:Starting cross validation
2022-02-28 10:52:58,155:INFO:Cross validating with StratifiedKFold(n_splits=10, random_state=None, shuffle=False), n_jobs=-1
2022-02-28 10:52:58,323:INFO:Calculating mean and std
2022-02-28 10:52:58,324:INFO:Creating metrics dataframe
2022-02-28 10:52:58,340:INFO:Uploading results into container
2022-02-28 10:52:58,340:INFO:Uploading model into container now
2022-02-28 10:52:58,340:INFO:create_model_container: 3
2022-02-28 10:52:58,341:INFO:master_model_container: 3
2022-02-28 10:52:58,341:INFO:display_container: 2
2022-02-28 10:52:58,342:INFO:GaussianNB(priors=None, var_smoothing=1e-09)
2022-02-28 10:52:58,342:INFO:create_model() succesfully completed......................................
2022-02-28 10:52:58,583:INFO:SubProcess create_model() end ==================================
2022-02-28 10:52:58,583:INFO:Creating metrics dataframe
2022-02-28 10:52:58,655:INFO:Initializing Decision Tree Classifier
2022-02-28 10:52:58,656:INFO:Total runtime is 0.6258205095926921 minutes
2022-02-28 10:52:58,684:INFO:SubProcess create_model() called ==================================
2022-02-28 10:52:58,684:INFO:Initializing create_model()
2022-02-28 10:52:58,685:INFO:create_model(estimator=dt, fold=StratifiedKFold(n_splits=10, random_state=None, shuffle=False), round=4, cross_validation=True, predict=True, fit_kwargs={}, groups=None, refit=False, verbose=False, system=False, metrics=None, add_to_model_list=True, display=<pycaret.internal.Display.Display object at 0x0000026C1A1B7970>, kwargs={})
2022-02-28 10:52:58,685:INFO:Checking exceptions
2022-02-28 10:52:58,686:INFO:Importing libraries
2022-02-28 10:52:58,686:INFO:Copying training dataset
2022-02-28 10:52:58,688:INFO:Defining folds
2022-02-28 10:52:58,689:INFO:Declaring metric variables
2022-02-28 10:52:58,721:INFO:Importing untrained model
2022-02-28 10:52:58,752:INFO:Decision Tree Classifier Imported succesfully
2022-02-28 10:52:58,819:INFO:Starting cross validation
2022-02-28 10:52:58,822:INFO:Cross validating with StratifiedKFold(n_splits=10, random_state=None, shuffle=False), n_jobs=-1
2022-02-28 10:52:59,152:INFO:Calculating mean and std
2022-02-28 10:52:59,155:INFO:Creating metrics dataframe
2022-02-28 10:52:59,170:INFO:Uploading results into container
2022-02-28 10:52:59,170:INFO:Uploading model into container now
2022-02-28 10:52:59,170:INFO:create_model_container: 4
2022-02-28 10:52:59,171:INFO:master_model_container: 4
2022-02-28 10:52:59,171:INFO:display_container: 2
2022-02-28 10:52:59,173:INFO:DecisionTreeClassifier(ccp_alpha=0.0, class_weight=None, criterion='gini',
                       max_depth=None, max_features=None, max_leaf_nodes=None,
                       min_impurity_decrease=0.0, min_impurity_split=None,
                       min_samples_leaf=1, min_samples_split=2,
                       min_weight_fraction_leaf=0.0, presort='deprecated',
                       random_state=1229, splitter='best')
2022-02-28 10:52:59,174:INFO:create_model() succesfully completed......................................
2022-02-28 10:52:59,481:INFO:SubProcess create_model() end ==================================
2022-02-28 10:52:59,484:INFO:Creating metrics dataframe
2022-02-28 10:52:59,573:INFO:Initializing SVM - Linear Kernel
2022-02-28 10:52:59,574:INFO:Total runtime is 0.6411140243212382 minutes
2022-02-28 10:52:59,606:INFO:SubProcess create_model() called ==================================
2022-02-28 10:52:59,608:INFO:Initializing create_model()
2022-02-28 10:52:59,609:INFO:create_model(estimator=svm, fold=StratifiedKFold(n_splits=10, random_state=None, shuffle=False), round=4, cross_validation=True, predict=True, fit_kwargs={}, groups=None, refit=False, verbose=False, system=False, metrics=None, add_to_model_list=True, display=<pycaret.internal.Display.Display object at 0x0000026C1A1B7970>, kwargs={})
2022-02-28 10:52:59,609:INFO:Checking exceptions
2022-02-28 10:52:59,610:INFO:Importing libraries
2022-02-28 10:52:59,610:INFO:Copying training dataset
2022-02-28 10:52:59,613:INFO:Defining folds
2022-02-28 10:52:59,614:INFO:Declaring metric variables
2022-02-28 10:52:59,647:INFO:Importing untrained model
2022-02-28 10:52:59,674:INFO:SVM - Linear Kernel Imported succesfully
2022-02-28 10:52:59,735:INFO:Starting cross validation
2022-02-28 10:52:59,736:INFO:Cross validating with StratifiedKFold(n_splits=10, random_state=None, shuffle=False), n_jobs=-1
2022-02-28 10:53:00,322:INFO:Calculating mean and std
2022-02-28 10:53:00,325:INFO:Creating metrics dataframe
2022-02-28 10:53:00,340:INFO:Uploading results into container
2022-02-28 10:53:00,340:INFO:Uploading model into container now
2022-02-28 10:53:00,340:INFO:create_model_container: 5
2022-02-28 10:53:00,341:INFO:master_model_container: 5
2022-02-28 10:53:00,341:INFO:display_container: 2
2022-02-28 10:53:00,342:INFO:SGDClassifier(alpha=0.0001, average=False, class_weight=None,
              early_stopping=False, epsilon=0.1, eta0=0.001, fit_intercept=True,
              l1_ratio=0.15, learning_rate='optimal', loss='hinge',
              max_iter=1000, n_iter_no_change=5, n_jobs=-1, penalty='l2',
              power_t=0.5, random_state=1229, shuffle=True, tol=0.001,
              validation_fraction=0.1, verbose=0, warm_start=False)
2022-02-28 10:53:00,343:INFO:create_model() succesfully completed......................................
2022-02-28 10:53:00,594:INFO:SubProcess create_model() end ==================================
2022-02-28 10:53:00,594:INFO:Creating metrics dataframe
2022-02-28 10:53:00,689:INFO:Initializing Ridge Classifier
2022-02-28 10:53:00,689:INFO:Total runtime is 0.6596990704536438 minutes
2022-02-28 10:53:00,736:INFO:SubProcess create_model() called ==================================
2022-02-28 10:53:00,738:INFO:Initializing create_model()
2022-02-28 10:53:00,738:INFO:create_model(estimator=ridge, fold=StratifiedKFold(n_splits=10, random_state=None, shuffle=False), round=4, cross_validation=True, predict=True, fit_kwargs={}, groups=None, refit=False, verbose=False, system=False, metrics=None, add_to_model_list=True, display=<pycaret.internal.Display.Display object at 0x0000026C1A1B7970>, kwargs={})
2022-02-28 10:53:00,738:INFO:Checking exceptions
2022-02-28 10:53:00,740:INFO:Importing libraries
2022-02-28 10:53:00,740:INFO:Copying training dataset
2022-02-28 10:53:00,743:INFO:Defining folds
2022-02-28 10:53:00,744:INFO:Declaring metric variables
2022-02-28 10:53:00,783:INFO:Importing untrained model
2022-02-28 10:53:00,832:INFO:Ridge Classifier Imported succesfully
2022-02-28 10:53:00,934:INFO:Starting cross validation
2022-02-28 10:53:00,937:INFO:Cross validating with StratifiedKFold(n_splits=10, random_state=None, shuffle=False), n_jobs=-1
2022-02-28 10:53:01,545:INFO:Calculating mean and std
2022-02-28 10:53:01,548:INFO:Creating metrics dataframe
2022-02-28 10:53:01,560:INFO:Uploading results into container
2022-02-28 10:53:01,561:INFO:Uploading model into container now
2022-02-28 10:53:01,561:INFO:create_model_container: 6
2022-02-28 10:53:01,562:INFO:master_model_container: 6
2022-02-28 10:53:01,562:INFO:display_container: 2
2022-02-28 10:53:01,564:INFO:RidgeClassifier(alpha=1.0, class_weight=None, copy_X=True, fit_intercept=True,
                max_iter=None, normalize=False, random_state=1229,
                solver='auto', tol=0.001)
2022-02-28 10:53:01,564:INFO:create_model() succesfully completed......................................
2022-02-28 10:53:01,780:INFO:SubProcess create_model() end ==================================
2022-02-28 10:53:01,780:INFO:Creating metrics dataframe
2022-02-28 10:53:01,845:INFO:Initializing Random Forest Classifier
2022-02-28 10:53:01,845:INFO:Total runtime is 0.678970229625702 minutes
2022-02-28 10:53:01,874:INFO:SubProcess create_model() called ==================================
2022-02-28 10:53:01,878:INFO:Initializing create_model()
2022-02-28 10:53:01,879:INFO:create_model(estimator=rf, fold=StratifiedKFold(n_splits=10, random_state=None, shuffle=False), round=4, cross_validation=True, predict=True, fit_kwargs={}, groups=None, refit=False, verbose=False, system=False, metrics=None, add_to_model_list=True, display=<pycaret.internal.Display.Display object at 0x0000026C1A1B7970>, kwargs={})
2022-02-28 10:53:01,879:INFO:Checking exceptions
2022-02-28 10:53:01,879:INFO:Importing libraries
2022-02-28 10:53:01,880:INFO:Copying training dataset
2022-02-28 10:53:01,882:INFO:Defining folds
2022-02-28 10:53:01,882:INFO:Declaring metric variables
2022-02-28 10:53:01,910:INFO:Importing untrained model
2022-02-28 10:53:01,938:INFO:Random Forest Classifier Imported succesfully
2022-02-28 10:53:01,990:INFO:Starting cross validation
2022-02-28 10:53:01,992:INFO:Cross validating with StratifiedKFold(n_splits=10, random_state=None, shuffle=False), n_jobs=-1
2022-02-28 10:53:05,244:INFO:Calculating mean and std
2022-02-28 10:53:05,247:INFO:Creating metrics dataframe
2022-02-28 10:53:05,258:INFO:Uploading results into container
2022-02-28 10:53:05,259:INFO:Uploading model into container now
2022-02-28 10:53:05,259:INFO:create_model_container: 7
2022-02-28 10:53:05,259:INFO:master_model_container: 7
2022-02-28 10:53:05,260:INFO:display_container: 2
2022-02-28 10:53:05,261:INFO:RandomForestClassifier(bootstrap=True, ccp_alpha=0.0, class_weight=None,
                       criterion='gini', max_depth=None, max_features='auto',
                       max_leaf_nodes=None, max_samples=None,
                       min_impurity_decrease=0.0, min_impurity_split=None,
                       min_samples_leaf=1, min_samples_split=2,
                       min_weight_fraction_leaf=0.0, n_estimators=100,
                       n_jobs=-1, oob_score=False, random_state=1229, verbose=0,
                       warm_start=False)
2022-02-28 10:53:05,261:INFO:create_model() succesfully completed......................................
2022-02-28 10:53:05,484:INFO:SubProcess create_model() end ==================================
2022-02-28 10:53:05,484:INFO:Creating metrics dataframe
2022-02-28 10:53:05,550:INFO:Initializing Quadratic Discriminant Analysis
2022-02-28 10:53:05,550:INFO:Total runtime is 0.7407156268755596 minutes
2022-02-28 10:53:05,575:INFO:SubProcess create_model() called ==================================
2022-02-28 10:53:05,576:INFO:Initializing create_model()
2022-02-28 10:53:05,577:INFO:create_model(estimator=qda, fold=StratifiedKFold(n_splits=10, random_state=None, shuffle=False), round=4, cross_validation=True, predict=True, fit_kwargs={}, groups=None, refit=False, verbose=False, system=False, metrics=None, add_to_model_list=True, display=<pycaret.internal.Display.Display object at 0x0000026C1A1B7970>, kwargs={})
2022-02-28 10:53:05,577:INFO:Checking exceptions
2022-02-28 10:53:05,577:INFO:Importing libraries
2022-02-28 10:53:05,577:INFO:Copying training dataset
2022-02-28 10:53:05,578:INFO:Defining folds
2022-02-28 10:53:05,579:INFO:Declaring metric variables
2022-02-28 10:53:05,600:INFO:Importing untrained model
2022-02-28 10:53:05,624:INFO:Quadratic Discriminant Analysis Imported succesfully
2022-02-28 10:53:05,677:INFO:Starting cross validation
2022-02-28 10:53:05,679:INFO:Cross validating with StratifiedKFold(n_splits=10, random_state=None, shuffle=False), n_jobs=-1
2022-02-28 10:53:06,000:INFO:Calculating mean and std
2022-02-28 10:53:06,003:INFO:Creating metrics dataframe
2022-02-28 10:53:06,018:INFO:Uploading results into container
2022-02-28 10:53:06,018:INFO:Uploading model into container now
2022-02-28 10:53:06,018:INFO:create_model_container: 8
2022-02-28 10:53:06,019:INFO:master_model_container: 8
2022-02-28 10:53:06,019:INFO:display_container: 2
2022-02-28 10:53:06,019:INFO:QuadraticDiscriminantAnalysis(priors=None, reg_param=0.0,
                              store_covariance=False, tol=0.0001)
2022-02-28 10:53:06,020:INFO:create_model() succesfully completed......................................
2022-02-28 10:53:06,319:INFO:SubProcess create_model() end ==================================
2022-02-28 10:53:06,319:INFO:Creating metrics dataframe
2022-02-28 10:53:06,424:INFO:Initializing Ada Boost Classifier
2022-02-28 10:53:06,427:INFO:Total runtime is 0.7553246021270753 minutes
2022-02-28 10:53:06,495:INFO:SubProcess create_model() called ==================================
2022-02-28 10:53:06,498:INFO:Initializing create_model()
2022-02-28 10:53:06,498:INFO:create_model(estimator=ada, fold=StratifiedKFold(n_splits=10, random_state=None, shuffle=False), round=4, cross_validation=True, predict=True, fit_kwargs={}, groups=None, refit=False, verbose=False, system=False, metrics=None, add_to_model_list=True, display=<pycaret.internal.Display.Display object at 0x0000026C1A1B7970>, kwargs={})
2022-02-28 10:53:06,498:INFO:Checking exceptions
2022-02-28 10:53:06,499:INFO:Importing libraries
2022-02-28 10:53:06,499:INFO:Copying training dataset
2022-02-28 10:53:06,503:INFO:Defining folds
2022-02-28 10:53:06,506:INFO:Declaring metric variables
2022-02-28 10:53:06,539:INFO:Importing untrained model
2022-02-28 10:53:06,571:INFO:Ada Boost Classifier Imported succesfully
2022-02-28 10:53:06,653:INFO:Starting cross validation
2022-02-28 10:53:06,655:INFO:Cross validating with StratifiedKFold(n_splits=10, random_state=None, shuffle=False), n_jobs=-1
2022-02-28 10:53:08,111:INFO:Calculating mean and std
2022-02-28 10:53:08,114:INFO:Creating metrics dataframe
2022-02-28 10:53:08,128:INFO:Uploading results into container
2022-02-28 10:53:08,128:INFO:Uploading model into container now
2022-02-28 10:53:08,129:INFO:create_model_container: 9
2022-02-28 10:53:08,129:INFO:master_model_container: 9
2022-02-28 10:53:08,129:INFO:display_container: 2
2022-02-28 10:53:08,130:INFO:AdaBoostClassifier(algorithm='SAMME.R', base_estimator=None, learning_rate=1.0,
                   n_estimators=50, random_state=1229)
2022-02-28 10:53:08,130:INFO:create_model() succesfully completed......................................
2022-02-28 10:53:08,323:INFO:SubProcess create_model() end ==================================
2022-02-28 10:53:08,324:INFO:Creating metrics dataframe
2022-02-28 10:53:08,388:INFO:Initializing Gradient Boosting Classifier
2022-02-28 10:53:08,389:INFO:Total runtime is 0.7880221406618755 minutes
2022-02-28 10:53:08,413:INFO:SubProcess create_model() called ==================================
2022-02-28 10:53:08,414:INFO:Initializing create_model()
2022-02-28 10:53:08,414:INFO:create_model(estimator=gbc, fold=StratifiedKFold(n_splits=10, random_state=None, shuffle=False), round=4, cross_validation=True, predict=True, fit_kwargs={}, groups=None, refit=False, verbose=False, system=False, metrics=None, add_to_model_list=True, display=<pycaret.internal.Display.Display object at 0x0000026C1A1B7970>, kwargs={})
2022-02-28 10:53:08,415:INFO:Checking exceptions
2022-02-28 10:53:08,415:INFO:Importing libraries
2022-02-28 10:53:08,415:INFO:Copying training dataset
2022-02-28 10:53:08,418:INFO:Defining folds
2022-02-28 10:53:08,418:INFO:Declaring metric variables
2022-02-28 10:53:08,442:INFO:Importing untrained model
2022-02-28 10:53:08,468:INFO:Gradient Boosting Classifier Imported succesfully
2022-02-28 10:53:08,518:INFO:Starting cross validation
2022-02-28 10:53:08,520:INFO:Cross validating with StratifiedKFold(n_splits=10, random_state=None, shuffle=False), n_jobs=-1
2022-02-28 10:53:10,053:INFO:Calculating mean and std
2022-02-28 10:53:10,054:INFO:Creating metrics dataframe
2022-02-28 10:53:10,065:INFO:Uploading results into container
2022-02-28 10:53:10,065:INFO:Uploading model into container now
2022-02-28 10:53:10,065:INFO:create_model_container: 10
2022-02-28 10:53:10,066:INFO:master_model_container: 10
2022-02-28 10:53:10,066:INFO:display_container: 2
2022-02-28 10:53:10,068:INFO:GradientBoostingClassifier(ccp_alpha=0.0, criterion='friedman_mse', init=None,
                           learning_rate=0.1, loss='deviance', max_depth=3,
                           max_features=None, max_leaf_nodes=None,
                           min_impurity_decrease=0.0, min_impurity_split=None,
                           min_samples_leaf=1, min_samples_split=2,
                           min_weight_fraction_leaf=0.0, n_estimators=100,
                           n_iter_no_change=None, presort='deprecated',
                           random_state=1229, subsample=1.0, tol=0.0001,
                           validation_fraction=0.1, verbose=0,
                           warm_start=False)
2022-02-28 10:53:10,068:INFO:create_model() succesfully completed......................................
2022-02-28 10:53:10,276:INFO:SubProcess create_model() end ==================================
2022-02-28 10:53:10,276:INFO:Creating metrics dataframe
2022-02-28 10:53:10,344:INFO:Initializing Linear Discriminant Analysis
2022-02-28 10:53:10,345:INFO:Total runtime is 0.8206269264221192 minutes
2022-02-28 10:53:10,368:INFO:SubProcess create_model() called ==================================
2022-02-28 10:53:10,369:INFO:Initializing create_model()
2022-02-28 10:53:10,369:INFO:create_model(estimator=lda, fold=StratifiedKFold(n_splits=10, random_state=None, shuffle=False), round=4, cross_validation=True, predict=True, fit_kwargs={}, groups=None, refit=False, verbose=False, system=False, metrics=None, add_to_model_list=True, display=<pycaret.internal.Display.Display object at 0x0000026C1A1B7970>, kwargs={})
2022-02-28 10:53:10,369:INFO:Checking exceptions
2022-02-28 10:53:10,370:INFO:Importing libraries
2022-02-28 10:53:10,370:INFO:Copying training dataset
2022-02-28 10:53:10,373:INFO:Defining folds
2022-02-28 10:53:10,373:INFO:Declaring metric variables
2022-02-28 10:53:10,393:INFO:Importing untrained model
2022-02-28 10:53:10,417:INFO:Linear Discriminant Analysis Imported succesfully
2022-02-28 10:53:10,464:INFO:Starting cross validation
2022-02-28 10:53:10,465:INFO:Cross validating with StratifiedKFold(n_splits=10, random_state=None, shuffle=False), n_jobs=-1
2022-02-28 10:53:10,847:INFO:Calculating mean and std
2022-02-28 10:53:10,848:INFO:Creating metrics dataframe
2022-02-28 10:53:10,863:INFO:Uploading results into container
2022-02-28 10:53:10,863:INFO:Uploading model into container now
2022-02-28 10:53:10,863:INFO:create_model_container: 11
2022-02-28 10:53:10,864:INFO:master_model_container: 11
2022-02-28 10:53:10,864:INFO:display_container: 2
2022-02-28 10:53:10,865:INFO:LinearDiscriminantAnalysis(n_components=None, priors=None, shrinkage=None,
                           solver='svd', store_covariance=False, tol=0.0001)
2022-02-28 10:53:10,865:INFO:create_model() succesfully completed......................................
2022-02-28 10:53:11,053:INFO:SubProcess create_model() end ==================================
2022-02-28 10:53:11,053:INFO:Creating metrics dataframe
2022-02-28 10:53:11,118:INFO:Initializing Extra Trees Classifier
2022-02-28 10:53:11,118:INFO:Total runtime is 0.8335154493649801 minutes
2022-02-28 10:53:11,141:INFO:SubProcess create_model() called ==================================
2022-02-28 10:53:11,141:INFO:Initializing create_model()
2022-02-28 10:53:11,142:INFO:create_model(estimator=et, fold=StratifiedKFold(n_splits=10, random_state=None, shuffle=False), round=4, cross_validation=True, predict=True, fit_kwargs={}, groups=None, refit=False, verbose=False, system=False, metrics=None, add_to_model_list=True, display=<pycaret.internal.Display.Display object at 0x0000026C1A1B7970>, kwargs={})
2022-02-28 10:53:11,142:INFO:Checking exceptions
2022-02-28 10:53:11,143:INFO:Importing libraries
2022-02-28 10:53:11,143:INFO:Copying training dataset
2022-02-28 10:53:11,145:INFO:Defining folds
2022-02-28 10:53:11,146:INFO:Declaring metric variables
2022-02-28 10:53:11,165:INFO:Importing untrained model
2022-02-28 10:53:11,187:INFO:Extra Trees Classifier Imported succesfully
2022-02-28 10:53:11,228:INFO:Starting cross validation
2022-02-28 10:53:11,230:INFO:Cross validating with StratifiedKFold(n_splits=10, random_state=None, shuffle=False), n_jobs=-1
2022-02-28 10:53:13,601:INFO:Calculating mean and std
2022-02-28 10:53:13,603:INFO:Creating metrics dataframe
2022-02-28 10:53:13,618:INFO:Uploading results into container
2022-02-28 10:53:13,619:INFO:Uploading model into container now
2022-02-28 10:53:13,619:INFO:create_model_container: 12
2022-02-28 10:53:13,619:INFO:master_model_container: 12
2022-02-28 10:53:13,620:INFO:display_container: 2
2022-02-28 10:53:13,621:INFO:ExtraTreesClassifier(bootstrap=False, ccp_alpha=0.0, class_weight=None,
                     criterion='gini', max_depth=None, max_features='auto',
                     max_leaf_nodes=None, max_samples=None,
                     min_impurity_decrease=0.0, min_impurity_split=None,
                     min_samples_leaf=1, min_samples_split=2,
                     min_weight_fraction_leaf=0.0, n_estimators=100, n_jobs=-1,
                     oob_score=False, random_state=1229, verbose=0,
                     warm_start=False)
2022-02-28 10:53:13,621:INFO:create_model() succesfully completed......................................
2022-02-28 10:53:13,849:INFO:SubProcess create_model() end ==================================
2022-02-28 10:53:13,849:INFO:Creating metrics dataframe
2022-02-28 10:53:13,943:INFO:Initializing Light Gradient Boosting Machine
2022-02-28 10:53:13,944:INFO:Total runtime is 0.8806093931198121 minutes
2022-02-28 10:53:13,971:INFO:SubProcess create_model() called ==================================
2022-02-28 10:53:13,972:INFO:Initializing create_model()
2022-02-28 10:53:13,972:INFO:create_model(estimator=lightgbm, fold=StratifiedKFold(n_splits=10, random_state=None, shuffle=False), round=4, cross_validation=True, predict=True, fit_kwargs={}, groups=None, refit=False, verbose=False, system=False, metrics=None, add_to_model_list=True, display=<pycaret.internal.Display.Display object at 0x0000026C1A1B7970>, kwargs={})
2022-02-28 10:53:13,972:INFO:Checking exceptions
2022-02-28 10:53:13,973:INFO:Importing libraries
2022-02-28 10:53:13,973:INFO:Copying training dataset
2022-02-28 10:53:13,975:INFO:Defining folds
2022-02-28 10:53:13,976:INFO:Declaring metric variables
2022-02-28 10:53:14,003:INFO:Importing untrained model
2022-02-28 10:53:14,030:INFO:Light Gradient Boosting Machine Imported succesfully
2022-02-28 10:53:14,094:INFO:Starting cross validation
2022-02-28 10:53:14,096:INFO:Cross validating with StratifiedKFold(n_splits=10, random_state=None, shuffle=False), n_jobs=-1
2022-02-28 10:53:18,486:INFO:Calculating mean and std
2022-02-28 10:53:18,488:INFO:Creating metrics dataframe
2022-02-28 10:53:18,496:INFO:Uploading results into container
2022-02-28 10:53:18,497:INFO:Uploading model into container now
2022-02-28 10:53:18,497:INFO:create_model_container: 13
2022-02-28 10:53:18,497:INFO:master_model_container: 13
2022-02-28 10:53:18,498:INFO:display_container: 2
2022-02-28 10:53:18,499:INFO:LGBMClassifier(boosting_type='gbdt', class_weight=None, colsample_bytree=1.0,
               importance_type='split', learning_rate=0.1, max_depth=-1,
               min_child_samples=20, min_child_weight=0.001, min_split_gain=0.0,
               n_estimators=100, n_jobs=-1, num_leaves=31, objective=None,
               random_state=1229, reg_alpha=0.0, reg_lambda=0.0, silent='warn',
               subsample=1.0, subsample_for_bin=200000, subsample_freq=0)
2022-02-28 10:53:18,499:INFO:create_model() succesfully completed......................................
2022-02-28 10:53:18,686:INFO:SubProcess create_model() end ==================================
2022-02-28 10:53:18,686:INFO:Creating metrics dataframe
2022-02-28 10:53:18,821:INFO:Initializing create_model()
2022-02-28 10:53:18,823:INFO:create_model(estimator=LogisticRegression(C=1.0, class_weight=None, dual=False, fit_intercept=True,
                   intercept_scaling=1, l1_ratio=None, max_iter=1000,
                   multi_class='auto', n_jobs=None, penalty='l2',
                   random_state=1229, solver='lbfgs', tol=0.0001, verbose=0,
                   warm_start=False), fold=StratifiedKFold(n_splits=10, random_state=None, shuffle=False), round=4, cross_validation=False, predict=False, fit_kwargs={}, groups=None, refit=True, verbose=False, system=False, metrics=None, add_to_model_list=True, display=None, kwargs={})
2022-02-28 10:53:18,823:INFO:Checking exceptions
2022-02-28 10:53:18,824:INFO:Importing libraries
2022-02-28 10:53:18,824:INFO:Copying training dataset
2022-02-28 10:53:18,825:INFO:Defining folds
2022-02-28 10:53:18,825:INFO:Declaring metric variables
2022-02-28 10:53:18,825:INFO:Importing untrained model
2022-02-28 10:53:18,825:INFO:Declaring custom model
2022-02-28 10:53:18,828:INFO:Logistic Regression Imported succesfully
2022-02-28 10:53:18,829:INFO:Cross validation set to False
2022-02-28 10:53:18,829:INFO:Fitting Model
2022-02-28 10:53:18,867:INFO:LogisticRegression(C=1.0, class_weight=None, dual=False, fit_intercept=True,
                   intercept_scaling=1, l1_ratio=None, max_iter=1000,
                   multi_class='auto', n_jobs=None, penalty='l2',
                   random_state=1229, solver='lbfgs', tol=0.0001, verbose=0,
                   warm_start=False)
2022-02-28 10:53:18,867:INFO:create_models() succesfully completed......................................
2022-02-28 10:53:19,260:INFO:create_model_container: 13
2022-02-28 10:53:19,261:INFO:master_model_container: 13
2022-02-28 10:53:19,261:INFO:display_container: 2
2022-02-28 10:53:19,263:INFO:LogisticRegression(C=1.0, class_weight=None, dual=False, fit_intercept=True,
                   intercept_scaling=1, l1_ratio=None, max_iter=1000,
                   multi_class='auto', n_jobs=None, penalty='l2',
                   random_state=1229, solver='lbfgs', tol=0.0001, verbose=0,
                   warm_start=False)
2022-02-28 10:53:19,264:INFO:compare_models() succesfully completed......................................
2022-02-28 10:53:19,280:INFO:Initializing plot_model()
2022-02-28 10:53:19,281:INFO:plot_model(fold=None, use_train_data=False, verbose=True, is_in_evaluate=False, display=None, display_format=None, estimator=LogisticRegression(C=1.0, class_weight=None, dual=False, fit_intercept=True,
                   intercept_scaling=1, l1_ratio=None, max_iter=1000,
                   multi_class='auto', n_jobs=None, penalty='l2',
                   random_state=1229, solver='lbfgs', tol=0.0001, verbose=0,
                   warm_start=False), feature_name=None, fit_kwargs=None, groups=None, label=False, plot=feature, save=False, scale=1, system=True)
2022-02-28 10:53:19,281:INFO:Checking exceptions
2022-02-28 10:53:19,284:INFO:Preparing display monitor
2022-02-28 10:53:19,301:INFO:Preloading libraries
2022-02-28 10:53:19,305:INFO:Copying training dataset
2022-02-28 10:53:19,307:INFO:Copying test dataset
2022-02-28 10:53:19,307:INFO:Plot type: feature
2022-02-28 10:53:21,538:INFO:Visual Rendered Successfully
2022-02-28 10:53:21,736:INFO:plot_model() succesfully completed......................................
2022-02-28 10:53:21,760:INFO:Initializing finalize_model()
2022-02-28 10:53:21,760:INFO:finalize_model(estimator=LogisticRegression(C=1.0, class_weight=None, dual=False, fit_intercept=True,
                   intercept_scaling=1, l1_ratio=None, max_iter=1000,
                   multi_class='auto', n_jobs=None, penalty='l2',
                   random_state=1229, solver='lbfgs', tol=0.0001, verbose=0,
                   warm_start=False), fit_kwargs=None, groups=None, model_only=True, display=None)
2022-02-28 10:53:21,762:INFO:Finalizing LogisticRegression(C=1.0, class_weight=None, dual=False, fit_intercept=True,
                   intercept_scaling=1, l1_ratio=None, max_iter=1000,
                   multi_class='auto', n_jobs=None, penalty='l2',
                   random_state=1229, solver='lbfgs', tol=0.0001, verbose=0,
                   warm_start=False)
2022-02-28 10:53:21,764:INFO:Initializing create_model()
2022-02-28 10:53:21,764:INFO:create_model(estimator=LogisticRegression(C=1.0, class_weight=None, dual=False, fit_intercept=True,
                   intercept_scaling=1, l1_ratio=None, max_iter=1000,
                   multi_class='auto', n_jobs=None, penalty='l2',
                   random_state=1229, solver='lbfgs', tol=0.0001, verbose=0,
                   warm_start=False), fold=None, round=4, cross_validation=True, predict=True, fit_kwargs={}, groups=None, refit=True, verbose=False, system=False, metrics=None, add_to_model_list=False, display=None, kwargs={})
2022-02-28 10:53:21,765:INFO:Checking exceptions
2022-02-28 10:53:21,765:INFO:Importing libraries
2022-02-28 10:53:21,766:INFO:Copying training dataset
2022-02-28 10:53:21,767:INFO:Defining folds
2022-02-28 10:53:21,767:INFO:Declaring metric variables
2022-02-28 10:53:21,768:INFO:Importing untrained model
2022-02-28 10:53:21,768:INFO:Declaring custom model
2022-02-28 10:53:21,770:INFO:Logistic Regression Imported succesfully
2022-02-28 10:53:21,771:INFO:Starting cross validation
2022-02-28 10:53:21,772:INFO:Cross validating with StratifiedKFold(n_splits=10, random_state=None, shuffle=False), n_jobs=-1
2022-02-28 10:53:22,008:INFO:Calculating mean and std
2022-02-28 10:53:22,008:INFO:Creating metrics dataframe
2022-02-28 10:53:22,015:INFO:Finalizing model
2022-02-28 10:53:22,056:INFO:create_model_container: 13
2022-02-28 10:53:22,056:INFO:master_model_container: 13
2022-02-28 10:53:22,056:INFO:display_container: 3
2022-02-28 10:53:22,057:INFO:LogisticRegression(C=1.0, class_weight=None, dual=False, fit_intercept=True,
                   intercept_scaling=1, l1_ratio=None, max_iter=1000,
                   multi_class='auto', n_jobs=None, penalty='l2',
                   random_state=1229, solver='lbfgs', tol=0.0001, verbose=0,
                   warm_start=False)
2022-02-28 10:53:22,057:INFO:create_model() succesfully completed......................................
2022-02-28 10:53:22,231:INFO:create_model_container: 13
2022-02-28 10:53:22,231:INFO:master_model_container: 13
2022-02-28 10:53:22,231:INFO:display_container: 2
2022-02-28 10:53:22,233:INFO:LogisticRegression(C=1.0, class_weight=None, dual=False, fit_intercept=True,
                   intercept_scaling=1, l1_ratio=None, max_iter=1000,
                   multi_class='auto', n_jobs=None, penalty='l2',
                   random_state=1229, solver='lbfgs', tol=0.0001, verbose=0,
                   warm_start=False)
2022-02-28 10:53:22,233:INFO:finalize_model() succesfully completed......................................
2022-02-28 10:53:22,466:INFO:Initializing save_model()
2022-02-28 10:53:22,466:INFO:save_model(model=LogisticRegression(C=1.0, class_weight=None, dual=False, fit_intercept=True,
                   intercept_scaling=1, l1_ratio=None, max_iter=1000,
                   multi_class='auto', n_jobs=None, penalty='l2',
                   random_state=1229, solver='lbfgs', tol=0.0001, verbose=0,
                   warm_start=False), model_name=Breast-Cancer-Pipline, prep_pipe_=Pipeline(memory=None,
         steps=[('dtypes',
                 DataTypes_Auto_infer(categorical_features=[],
                                      display_types=True, features_todrop=[],
                                      id_columns=[],
                                      ml_usecase='classification',
                                      numerical_features=[], target='diagnosis',
                                      time_features=[])),
                ('imputer',
                 Simple_Imputer(categorical_strategy='not_available',
                                fill_value_categorical=None,
                                fill_value_numerical=None,
                                numeric_st...
                ('dummy', Dummify(target='diagnosis')),
                ('fix_perfect', Remove_100(target='diagnosis')),
                ('clean_names', Clean_Colum_Names()),
                ('feature_select', 'passthrough'),
                ('fix_multi',
                 Fix_multicollinearity(correlation_with_target_preference=None,
                                       correlation_with_target_threshold=0.0,
                                       target_variable='diagnosis',
                                       threshold=0.95)),
                ('dfs', 'passthrough'), ('pca', 'passthrough')],
         verbose=False), verbose=True, kwargs={})
2022-02-28 10:53:22,467:INFO:Adding model into prep_pipe
2022-02-28 10:53:22,498:INFO:Breast-Cancer-Pipline.pkl saved in current working directory
2022-02-28 10:53:22,520:INFO:Pipeline(memory=None,
         steps=[('dtypes',
                 DataTypes_Auto_infer(categorical_features=[],
                                      display_types=True, features_todrop=[],
                                      id_columns=[],
                                      ml_usecase='classification',
                                      numerical_features=[], target='diagnosis',
                                      time_features=[])),
                ('imputer',
                 Simple_Imputer(categorical_strategy='not_available',
                                fill_value_categorical=None,
                                fill_value_numerical=None,
                                numeric_st...
                                       target_variable='diagnosis',
                                       threshold=0.95)),
                ('dfs', 'passthrough'), ('pca', 'passthrough'),
                ['trained_model',
                 LogisticRegression(C=1.0, class_weight=None, dual=False,
                                    fit_intercept=True, intercept_scaling=1,
                                    l1_ratio=None, max_iter=1000,
                                    multi_class='auto', n_jobs=None,
                                    penalty='l2', random_state=1229,
                                    solver='lbfgs', tol=0.0001, verbose=0,
                                    warm_start=False)]],
         verbose=False)
2022-02-28 10:53:22,520:INFO:save_model() successfully completed......................................
